                                 Started job on |	Nov 19 13:15:24
                             Started mapping on |	Nov 19 13:15:54
                                    Finished on |	Nov 19 16:35:19
       Mapping speed, Million of reads per hour |	27.48

                          Number of input reads |	91330785
                      Average input read length |	252
                                    UNIQUE READS:
                   Uniquely mapped reads number |	53916311
                        Uniquely mapped reads % |	59.03%
                          Average mapped length |	246.01
                       Number of splices: Total |	47193240
            Number of splices: Annotated (sjdb) |	46815841
                       Number of splices: GT/AG |	46798750
                       Number of splices: GC/AG |	322791
                       Number of splices: AT/AC |	45909
               Number of splices: Non-canonical |	25790
                      Mismatch rate per base, % |	0.23%
                         Deletion rate per base |	0.01%
                        Deletion average length |	1.53
                        Insertion rate per base |	0.01%
                       Insertion average length |	1.57
                             MULTI-MAPPING READS:
        Number of reads mapped to multiple loci |	28586451
             % of reads mapped to multiple loci |	31.30%
        Number of reads mapped to too many loci |	649785
             % of reads mapped to too many loci |	0.71%
                                  UNMAPPED READS:
  Number of reads unmapped: too many mismatches |	0
       % of reads unmapped: too many mismatches |	0.00%
            Number of reads unmapped: too short |	8162225
                 % of reads unmapped: too short |	8.94%
                Number of reads unmapped: other |	16013
                     % of reads unmapped: other |	0.02%
                                  CHIMERIC READS:
                       Number of chimeric reads |	0
                            % of chimeric reads |	0.00%
